[    0.000000] Initializing cgroup subsys cpuset
[    0.000000] Initializing cgroup subsys cpu
[    0.000000] Initializing cgroup subsys cpuacct
[    0.000000] Linux version 4.4.0-134-generic (buildd@lgw01-amd64-033) (gcc version 5.4.0 20160609 (Ubuntu 5.4.0-6ubuntu1~16.04.10) ) #160-Ubuntu SMP Wed Aug 15 14:58:00 UTC 2018 (Ubuntu 4.4.0-134.160-generic 4.4.140)
[    0.000000] Command line: BOOT_IMAGE=/boot/vmlinuz-4.4.0-134-generic root=LABEL=cloudimg-rootfs ro console=tty1 console=ttyS0
[    0.000000] KERNEL supported cpus:
[    0.000000]   Intel GenuineIntel
[    0.000000]   AMD AuthenticAMD
[    0.000000]   Centaur CentaurHauls
[    0.000000] x86/fpu: xstate_offset[2]:  576, xstate_sizes[2]:  256
[    0.000000] x86/fpu: Supporting XSAVE feature 0x01: 'x87 floating point registers'
[    0.000000] x86/fpu: Supporting XSAVE feature 0x02: 'SSE registers'
[    0.000000] x86/fpu: Supporting XSAVE feature 0x04: 'AVX registers'
[    0.000000] x86/fpu: Enabled xstate features 0x7, context size is 832 bytes, using 'standard' format.
[    0.000000] e820: BIOS-provided physical RAM map:
[    0.000000] BIOS-e820: [mem 0x0000000000000000-0x000000000009fbff] usable
[    0.000000] BIOS-e820: [mem 0x000000000009fc00-0x000000000009ffff] reserved
[    0.000000] BIOS-e820: [mem 0x00000000000f0000-0x00000000000fffff] reserved
[    0.000000] BIOS-e820: [mem 0x0000000000100000-0x000000003ffeffff] usable
[    0.000000] BIOS-e820: [mem 0x000000003fff0000-0x000000003fffffff] ACPI data
[    0.000000] BIOS-e820: [mem 0x00000000fec00000-0x00000000fec00fff] reserved
[    0.000000] BIOS-e820: [mem 0x00000000fee00000-0x00000000fee00fff] reserved
[    0.000000] BIOS-e820: [mem 0x00000000fffc0000-0x00000000ffffffff] reserved
[    0.000000] NX (Execute Disable) protection: active
[    0.000000] SMBIOS 2.5 present.
[    0.000000] Hypervisor detected: KVM
[    0.000000] e820: last_pfn = 0x3fff0 max_arch_pfn = 0x400000000
[    0.000000] MTRR: Disabled
[    0.000000] x86/PAT: MTRRs disabled, skipping PAT initialization too.
[    0.000000] CPU MTRRs all blank - virtualized system.
[    0.000000] x86/PAT: Configuration [0-7]: WB  WT  UC- UC  WB  WT  UC- UC  
[    0.000000] found SMP MP-table at [mem 0x0009fff0-0x0009ffff] mapped at [ffff88000009fff0]
[    0.000000] Scanning 1 areas for low memory corruption
[    0.000000] RAMDISK: [mem 0x3630c000-0x3717dfff]
[    0.000000] ACPI: Early table checksum verification disabled
[    0.000000] ACPI: RSDP 0x00000000000E0000 000024 (v02 VBOX  )
[    0.000000] ACPI: XSDT 0x000000003FFF0030 00003C (v01 VBOX   VBOXXSDT 00000001 ASL  00000061)
[    0.000000] ACPI: FACP 0x000000003FFF00F0 0000F4 (v04 VBOX   VBOXFACP 00000001 ASL  00000061)
[    0.000000] ACPI: DSDT 0x000000003FFF0470 0021FF (v02 VBOX   VBOXBIOS 00000002 INTL 20100528)
[    0.000000] ACPI: FACS 0x000000003FFF0200 000040
[    0.000000] ACPI: FACS 0x000000003FFF0200 000040
[    0.000000] ACPI: APIC 0x000000003FFF0240 000054 (v02 VBOX   VBOXAPIC 00000001 ASL  00000061)
[    0.000000] ACPI: SSDT 0x000000003FFF02A0 0001CC (v01 VBOX   VBOXCPUT 00000002 INTL 20100528)
[    0.000000] No NUMA configuration found
[    0.000000] Faking a node at [mem 0x0000000000000000-0x000000003ffeffff]
[    0.000000] NODE_DATA(0) allocated [mem 0x3ffeb000-0x3ffeffff]
[    0.000000] kvm-clock: Using msrs 4b564d01 and 4b564d00
[    0.000000] kvm-clock: cpu 0, msr 0:3ffe3001, primary cpu clock
[    0.000000] kvm-clock: using sched offset of 6915322951 cycles
[    0.000000] clocksource: kvm-clock: mask: 0xffffffffffffffff max_cycles: 0x1cd42e4dffb, max_idle_ns: 881590591483 ns
[    0.000000] Zone ranges:
[    0.000000]   DMA      [mem 0x0000000000001000-0x0000000000ffffff]
[    0.000000]   DMA32    [mem 0x0000000001000000-0x000000003ffeffff]
[    0.000000]   Normal   empty
[    0.000000]   Device   empty
[    0.000000] Movable zone start for each node
[    0.000000] Early memory node ranges
[    0.000000]   node   0: [mem 0x0000000000001000-0x000000000009efff]
[    0.000000]   node   0: [mem 0x0000000000100000-0x000000003ffeffff]
[    0.000000] Initmem setup node 0 [mem 0x0000000000001000-0x000000003ffeffff]
[    0.000000] ACPI: PM-Timer IO Port: 0x4008
[    0.000000] IOAPIC[0]: apic_id 1, version 32, address 0xfec00000, GSI 0-23
[    0.000000] ACPI: INT_SRC_OVR (bus 0 bus_irq 0 global_irq 2 dfl dfl)
[    0.000000] ACPI: INT_SRC_OVR (bus 0 bus_irq 9 global_irq 9 low level)
[    0.000000] Using ACPI (MADT) for SMP configuration information
[    0.000000] smpboot: Allowing 1 CPUs, 0 hotplug CPUs
[    0.000000] PM: Registered nosave memory: [mem 0x00000000-0x00000fff]
[    0.000000] PM: Registered nosave memory: [mem 0x0009f000-0x0009ffff]
[    0.000000] PM: Registered nosave memory: [mem 0x000a0000-0x000effff]
[    0.000000] PM: Registered nosave memory: [mem 0x000f0000-0x000fffff]
[    0.000000] e820: [mem 0x40000000-0xfebfffff] available for PCI devices
[    0.000000] Booting paravirtualized kernel on KVM
[    0.000000] clocksource: refined-jiffies: mask: 0xffffffff max_cycles: 0xffffffff, max_idle_ns: 7645519600211568 ns
[    0.000000] setup_percpu: NR_CPUS:512 nr_cpumask_bits:512 nr_cpu_ids:1 nr_node_ids:1
[    0.000000] PERCPU: Embedded 34 pages/cpu @ffff88003fc00000 s99544 r8192 d31528 u2097152
[    0.000000] PV qspinlock hash table entries: 256 (order: 0, 4096 bytes)
[    0.000000] Built 1 zonelists in Node order, mobility grouping on.  Total pages: 257912
[    0.000000] Policy zone: DMA32
[    0.000000] Kernel command line: BOOT_IMAGE=/boot/vmlinuz-4.4.0-134-generic root=LABEL=cloudimg-rootfs ro console=tty1 console=ttyS0
[    0.000000] PID hash table entries: 4096 (order: 3, 32768 bytes)
[    0.000000] Memory: 997860K/1048120K available (8554K kernel code, 1314K rwdata, 4004K rodata, 1516K init, 1316K bss, 50260K reserved, 0K cma-reserved)
[    0.000000] SLUB: HWalign=64, Order=0-3, MinObjects=0, CPUs=1, Nodes=1
[    0.000000] Kernel/User page tables isolation: enabled
[    0.000000] Hierarchical RCU implementation.
[    0.000000] 	Build-time adjustment of leaf fanout to 64.
[    0.000000] 	RCU restricting CPUs from NR_CPUS=512 to nr_cpu_ids=1.
[    0.000000] RCU: Adjusting geometry for rcu_fanout_leaf=64, nr_cpu_ids=1
[    0.000000] NR_IRQS:33024 nr_irqs:256 16
[    0.000000] Console: colour VGA+ 80x25
[    0.000000] console [tty1] enabled
[    0.000000] console [ttyS0] enabled
[    0.000000] tsc: Detected 1696.076 MHz processor
[    1.094022] Calibrating delay loop (skipped) preset value.. 3392.15 BogoMIPS (lpj=6784304)
[    1.106634] pid_max: default: 32768 minimum: 301
[    1.113147] ACPI: Core revision 20150930
[    1.128275] ACPI: 2 ACPI AML tables successfully acquired and loaded
[    1.137933] Security Framework initialized
[    1.144099] Yama: becoming mindful.
[    1.149770] AppArmor: AppArmor initialized
[    1.156125] Dentry cache hash table entries: 131072 (order: 8, 1048576 bytes)
[    1.177508] Inode-cache hash table entries: 65536 (order: 7, 524288 bytes)
[    1.188165] Mount-cache hash table entries: 2048 (order: 2, 16384 bytes)
[    1.197849] Mountpoint-cache hash table entries: 2048 (order: 2, 16384 bytes)
[    1.208984] Initializing cgroup subsys io
[    1.214980] Initializing cgroup subsys memory
[    1.221690] Initializing cgroup subsys devices
[    1.227983] Initializing cgroup subsys freezer
[    1.234622] Initializing cgroup subsys net_cls
[    1.241193] Initializing cgroup subsys perf_event
[    1.248488] Initializing cgroup subsys net_prio
[    1.254825] Initializing cgroup subsys hugetlb
[    1.261461] Initializing cgroup subsys pids
[    1.269329] mce: CPU supports 0 MCE banks
[    1.275101] process: using mwait in idle threads
[    1.282072] Last level iTLB entries: 4KB 1024, 2MB 1024, 4MB 1024
[    1.290785] Last level dTLB entries: 4KB 1024, 2MB 1024, 4MB 1024, 1GB 4
[    1.300327] Spectre V2 : Mitigation: Full generic retpoline
[    1.307983] Spectre V2 : Speculation control IBPB not-supported IBRS not-supported
[    1.318222] Speculative Store Bypass: Vulnerable
[    1.396095] Freeing SMP alternatives memory: 32K
[    1.429205] ftrace: allocating 32266 entries in 127 pages
[    1.632389] smpboot: APIC(0) Converting physical 0 to logical package 0
[    1.641337] smpboot: Max logical packages: 1
[    1.649270] x2apic enabled
[    1.654405] Switched APIC routing to physical x2apic.
[    1.667017] ..TIMER: vector=0x30 apic1=0 pin1=2 apic2=-1 pin2=-1
[    1.779083] APIC calibration not consistent with PM-Timer: 101ms instead of 100ms
[    1.790461] APIC delta adjusted to PM-Timer: 6252883 (6317359)
[    1.798735] smpboot: CPU0: Intel(R) Core(TM) i3-4010U CPU @ 1.70GHz (family: 0x6, model: 0x45, stepping: 0x1)
[    1.814098] Performance Events: unsupported p6 CPU model 69 no PMU driver, software events only.
[    1.828503] KVM setup paravirtual spinlock
[    1.836666] x86: Booted up 1 node, 1 CPUs
[    1.842312] smpboot: Total of 1 processors activated (3392.15 BogoMIPS)
[    1.852969] devtmpfs: initialized
[    1.889420] evm: security.selinux
[    1.894838] evm: security.SMACK64
[    1.900245] evm: security.SMACK64EXEC
[    1.905974] evm: security.SMACK64TRANSMUTE
[    1.912411] evm: security.SMACK64MMAP
[    1.918712] evm: security.ima
[    1.923584] evm: security.capability
[    1.930053] clocksource: jiffies: mask: 0xffffffff max_cycles: 0xffffffff, max_idle_ns: 7645041785100000 ns
[    1.945488] futex hash table entries: 256 (order: 2, 16384 bytes)
[    1.955115] pinctrl core: initialized pinctrl subsystem
[    1.963268] RTC time: 22:23:21, date: 08/24/18
[    1.970400] NET: Registered protocol family 16
[    1.977797] cpuidle: using governor ladder
[    1.984020] cpuidle: using governor menu
[    1.989993] PCCT header not found.
[    1.995702] ACPI: bus type PCI registered
[    2.001983] acpiphp: ACPI Hot Plug PCI Controller Driver version: 0.5
[    2.011127] PCI: Using configuration type 1 for base access
[    2.026669] ACPI: Added _OSI(Module Device)
[    2.034809] ACPI: Added _OSI(Processor Device)
[    2.041409] ACPI: Added _OSI(3.0 _SCP Extensions)
[    2.047937] ACPI: Added _OSI(Processor Aggregator Device)
[    2.059581] ACPI: Executed 1 blocks of module-level executable AML code
[    2.084519] ACPI: Interpreter enabled
[    2.090652] ACPI: (supports S0 S5)
[    2.096510] ACPI: Using IOAPIC for interrupt routing
[    2.105660] PCI: Using host bridge windows from ACPI; if necessary, use "pci=nocrs" and report a bug
[    2.140994] ACPI: PCI Root Bridge [PCI0] (domain 0000 [bus 00-ff])
[    2.151197] acpi PNP0A03:00: _OSC: OS supports [ASPM ClockPM Segments MSI]
[    2.161118] acpi PNP0A03:00: _OSC: not requesting OS control; OS requires [ExtendedConfig ASPM ClockPM MSI]
[    2.178958] acpi PNP0A03:00: fail to add MMCONFIG information, can't access extended PCI configuration space under this bridge.
[    2.196892] PCI host bridge to bus 0000:00
[    2.203232] pci_bus 0000:00: root bus resource [io  0x0000-0x0cf7 window]
[    2.212887] pci_bus 0000:00: root bus resource [io  0x0d00-0xffff window]
[    2.222525] pci_bus 0000:00: root bus resource [mem 0x000a0000-0x000bffff window]
[    2.234179] pci_bus 0000:00: root bus resource [mem 0x40000000-0xfdffffff window]
[    2.245391] pci_bus 0000:00: root bus resource [bus 00-ff]
[    2.260034] pci 0000:00:01.1: legacy IDE quirk: reg 0x10: [io  0x01f0-0x01f7]
[    2.270391] pci 0000:00:01.1: legacy IDE quirk: reg 0x14: [io  0x03f6]
[    2.279709] pci 0000:00:01.1: legacy IDE quirk: reg 0x18: [io  0x0170-0x0177]
[    2.289943] pci 0000:00:01.1: legacy IDE quirk: reg 0x1c: [io  0x0376]
[    2.384636] pci 0000:00:07.0: quirk: [io  0x4000-0x403f] claimed by PIIX4 ACPI
[    2.395018] pci 0000:00:07.0: quirk: [io  0x4100-0x410f] claimed by PIIX4 SMB
[    2.435031] ACPI: PCI Interrupt Link [LNKA] (IRQs 5 9 10 *11)
[    2.444881] ACPI: PCI Interrupt Link [LNKB] (IRQs 5 9 *10 11)
[    2.454010] ACPI: PCI Interrupt Link [LNKC] (IRQs 5 *9 10 11)
[    2.463281] ACPI: PCI Interrupt Link [LNKD] (IRQs 5 9 10 *11)
[    2.472782] ACPI: Enabled 2 GPEs in block 00 to 07
[    2.480411] vgaarb: setting as boot device: PCI:0000:00:02.0
[    2.487924] vgaarb: device added: PCI:0000:00:02.0,decodes=io+mem,owns=io+mem,locks=none
[    2.499255] vgaarb: loaded
[    2.503416] vgaarb: bridge control possible 0000:00:02.0
[    2.511736] SCSI subsystem initialized
[    2.517861] ACPI: bus type USB registered
[    2.523642] usbcore: registered new interface driver usbfs
[    2.530994] usbcore: registered new interface driver hub
[    2.538311] usbcore: registered new device driver usb
[    2.545740] PCI: Using ACPI for IRQ routing
[    2.552740] NetLabel: Initializing
[    2.557680] NetLabel:  domain hash size = 128
[    2.563761] NetLabel:  protocols = UNLABELED CIPSOv4
[    2.570648] NetLabel:  unlabeled traffic allowed by default
[    2.578668] amd_nb: Cannot enumerate AMD northbridges
[    2.585582] clocksource: Switched to clocksource kvm-clock
[    2.635448] AppArmor: AppArmor Filesystem Enabled
[    2.642196] pnp: PnP ACPI init
[    2.650379] pnp: PnP ACPI: found 3 devices
[    2.674223] clocksource: acpi_pm: mask: 0xffffff max_cycles: 0xffffff, max_idle_ns: 2085701024 ns
[    2.686730] NET: Registered protocol family 2
[    2.693477] TCP established hash table entries: 8192 (order: 4, 65536 bytes)
[    2.703049] TCP bind hash table entries: 8192 (order: 5, 131072 bytes)
[    2.711917] TCP: Hash tables configured (established 8192 bind 8192)
[    2.721053] UDP hash table entries: 512 (order: 2, 16384 bytes)
[    2.729587] UDP-Lite hash table entries: 512 (order: 2, 16384 bytes)
[    2.738892] NET: Registered protocol family 1
[    2.745756] pci 0000:00:00.0: Limiting direct PCI/PCI transfers
[    2.754064] pci 0000:00:01.0: Activating ISA DMA hang workarounds
[    2.762878] Unpacking initramfs...
[    3.882278] Freeing initrd memory: 14792K
[    3.888904] RAPL PMU detected, API unit is 2^-32 Joules, 4 fixed counters 10737418240 ms ovfl timer
[    3.902305] hw unit of domain pp0-core 2^-0 Joules
[    3.909288] hw unit of domain package 2^-0 Joules
[    3.916228] hw unit of domain dram 2^-0 Joules
[    3.922858] hw unit of domain pp1-gpu 2^-0 Joules
[    3.929631] platform rtc_cmos: registered platform RTC device (no PNP device found)
[    3.940907] Scanning for low memory corruption every 60 seconds
[    3.949797] audit: initializing netlink subsys (disabled)
[    3.957635] audit: type=2000 audit(1535149410.797:1): initialized
[    3.966874] Initialise system trusted keyring
[    3.973219] HugeTLB registered 2 MB page size, pre-allocated 0 pages
[    3.995478] zbud: loaded
[    4.000566] VFS: Disk quotas dquot_6.6.0
[    4.006327] VFS: Dquot-cache hash table entries: 512 (order 0, 4096 bytes)
[    4.016485] squashfs: version 4.0 (2009/01/31) Phillip Lougher
[    4.025323] fuse init (API version 7.23)
[    4.031426] Key type big_key registered
[    4.037028] Allocating IMA MOK and blacklist keyrings.
[    4.044760] Key type asymmetric registered
[    4.050661] Asymmetric key parser 'x509' registered
[    4.057577] Block layer SCSI generic (bsg) driver version 0.4 loaded (major 249)
[    4.068317] io scheduler noop registered
[    4.073917] io scheduler deadline registered (default)
[    4.081064] io scheduler cfq registered
[    4.086912] pci_hotplug: PCI Hot Plug PCI Core version: 0.5
[    4.094403] pciehp: PCI Express Hot Plug Controller Driver version: 0.4
[    4.103558] ACPI: AC Adapter [AC] (on-line)
[    4.109708] input: Power Button as /devices/LNXSYSTM:00/LNXPWRBN:00/input/input0
[    4.120626] ACPI: Power Button [PWRF]
[    4.126140] input: Sleep Button as /devices/LNXSYSTM:00/LNXSLPBN:00/input/input1
[    4.137191] ACPI: Sleep Button [SLPF]
[    4.145529] ACPI: Battery Slot [BAT0] (battery present)
[    4.152841] GHES: HEST is not enabled!
[    4.158634] Serial: 8250/16550 driver, 32 ports, IRQ sharing enabled
[    4.200943] 00:02: ttyS0 at I/O 0x3f8 (irq = 4, base_baud = 115200) is a 16550A
[    4.216204] Linux agpgart interface v0.103
[    4.227507] loop: module loaded
[    4.234253] scsi host0: ata_piix
[    4.239343] scsi host1: ata_piix
[    4.244372] ata1: PATA max UDMA/33 cmd 0x1f0 ctl 0x3f6 bmdma 0xd000 irq 14
[    4.253553] ata2: PATA max UDMA/33 cmd 0x170 ctl 0x376 bmdma 0xd008 irq 15
[    4.264338] libphy: Fixed MDIO Bus: probed
[    4.270187] tun: Universal TUN/TAP device driver, 1.6
[    4.277066] tun: (C) 1999-2004 Max Krasnyansky <maxk@qualcomm.com>
[    4.285886] PPP generic driver version 2.4.2
[    4.292396] ehci_hcd: USB 2.0 'Enhanced' Host Controller (EHCI) Driver
[    4.301214] ehci-pci: EHCI PCI platform driver
[    4.307568] ehci-platform: EHCI generic platform driver
[    4.314784] ohci_hcd: USB 1.1 'Open' Host Controller (OHCI) Driver
[    4.323125] ohci-pci: OHCI PCI platform driver
[    4.329381] ohci-platform: OHCI generic platform driver
[    4.336636] uhci_hcd: USB Universal Host Controller Interface driver
[    4.345305] i8042: PNP: PS/2 Controller [PNP0303:PS2K,PNP0f03:PS2M] at 0x60,0x64 irq 1,12
[    4.357852] serio: i8042 KBD port at 0x60,0x64 irq 1
[    4.367002] serio: i8042 AUX port at 0x60,0x64 irq 12
[    4.374913] mousedev: PS/2 mouse device common for all mice
[    4.384273] input: AT Translated Set 2 keyboard as /devices/platform/i8042/serio0/input/input2
[    4.397228] rtc_cmos rtc_cmos: rtc core: registered rtc_cmos as rtc0
[    4.405911] rtc_cmos rtc_cmos: alarms up to one day, 114 bytes nvram
[    4.414781] i2c /dev entries driver
[    4.420369] device-mapper: uevent: version 1.0.3
[    4.427462] device-mapper: ioctl: 4.34.0-ioctl (2015-10-28) initialised: dm-devel@redhat.com
[    4.439439] ledtrig-cpu: registered to indicate activity on CPUs
[    4.449103] NET: Registered protocol family 10
[    4.456044] NET: Registered protocol family 17
[    4.462282] Key type dns_resolver registered
[    4.469459] registered taskstats version 1
[    4.475307] Loading compiled-in X.509 certificates
[    4.483630] Loaded X.509 cert 'Build time autogenerated kernel key: 4eb3d024ac16f76c1747ffd474694c84db21038b'
[    4.497256] zswap: loaded using pool lzo/zbud
[    4.508171] Key type trusted registered
[    4.523512] Key type encrypted registered
[    4.532916] AppArmor: AppArmor sha1 policy hashing enabled
[    4.540427] ima: No TPM chip found, activating TPM-bypass!
[    4.547928] ima: Allocated hash algorithm: sha1
[    4.554333] evm: HMAC attrs: 0x1
[    4.559970]   Magic number: 14:972:401
[    4.565550] rtc_cmos rtc_cmos: setting system clock to 2018-08-24 22:23:24 UTC (1535149404)
[    4.577490] BIOS EDD facility v0.16 2004-Jun-25, 0 devices found
[    4.586180] EDD information not available.
[    4.602199] Freeing unused kernel memory: 1516K
[    4.617855] Write protecting the kernel read-only data: 14336k
[    4.627553] Freeing unused kernel memory: 1672K
[    4.634859] Freeing unused kernel memory: 92K
Loading, please wait...
starting version 229
[    4.691674] random: systemd-udevd: uninitialized urandom read (16 bytes read, 3 bits of entropy available)
[    4.706963] random: udevadm: uninitialized urandom read (16 bytes read, 3 bits of entropy available)
[    4.728633] random: systemd-udevd: uninitialized urandom read (16 bytes read, 3 bits of entropy available)
[    4.746056] random: udevadm: uninitialized urandom read (16 bytes read, 3 bits of entropy available)
[    4.760452] random: systemd-udevd: uninitialized urandom read (16 bytes read, 3 bits of entropy available)
[    4.781846] random: systemd-udevd: uninitialized urandom read (16 bytes read, 3 bits of entropy available)
[    4.822767] random: systemd-udevd: uninitialized urandom read (16 bytes read, 3 bits of entropy available)
[    4.849859] random: systemd-udevd: uninitialized urandom read (16 bytes read, 3 bits of entropy available)
[    4.868636] random: udevadm: uninitialized urandom read (16 bytes read, 3 bits of entropy available)
[    4.883139] random: systemd-udevd: uninitialized urandom read (16 bytes read, 3 bits of entropy available)
[    4.925983] tsc: Refined TSC clocksource calibration: 1695.944 MHz
[    4.935380] clocksource: tsc: mask: 0xffffffffffffffff max_cycles: 0x18722fc8b38, max_idle_ns: 440795276998 ns
[    5.166863] Fusion MPT base driver 3.04.20
[    5.172843] Copyright (c) 1999-2008 LSI Corporation
[    5.180904] e1000: Intel(R) PRO/1000 Network Driver - version 7.3.21-k8-NAPI
[    5.190267] e1000: Copyright (c) 1999-2006 Intel Corporation.
[    5.328288] Fusion MPT SPI Host driver 3.04.20
[    5.369342] AVX2 version of gcm_enc/dec engaged.
[    5.375990] AES CTR mode by8 optimization enabled
[    5.493225] input: ImExPS/2 Generic Explorer Mouse as /devices/platform/i8042/serio1/input/input4
[    5.954289] e1000 0000:00:03.0 eth0: (PCI:33MHz:32-bit) 02:93:23:4d:82:b3
[    5.964073] e1000 0000:00:03.0 eth0: Intel(R) PRO/1000 Network Connection
[    5.977415] mptbase: ioc0: Initiating bringup
[    6.046510] ioc0: LSI53C1030 A0: Capabilities={Initiator}
[    6.220706] scsi host2: ioc0: LSI53C1030 A0, FwRev=00000000h, Ports=1, MaxQ=256, IRQ=20
[    6.345445] scsi 2:0:0:0: Direct-Access     VBOX     HARDDISK         1.0  PQ: 0 ANSI: 5
[    6.359659] scsi target2:0:0: Beginning Domain Validation
[    6.411168] scsi target2:0:0: Domain Validation skipping write tests
[    6.419913] scsi target2:0:0: Ending Domain Validation
[    6.447056] scsi target2:0:0: asynchronous
[    6.559829] scsi 2:0:1:0: Direct-Access     VBOX     HARDDISK         1.0  PQ: 0 ANSI: 5
[    6.584603] scsi target2:0:1: Beginning Domain Validation
[    6.669422] scsi target2:0:1: Domain Validation skipping write tests
[    6.678435] scsi target2:0:1: Ending Domain Validation
[    6.707475] scsi target2:0:1: asynchronous
[    6.953350] sd 2:0:0:0: Attached scsi generic sg0 type 0
[    6.969499] sd 2:0:0:0: [sda] 20971520 512-byte logical blocks: (10.7 GB/10.0 GiB)
[    6.988951] sd 2:0:0:0: [sda] Write Protect is off
[    6.997281] sd 2:0:1:0: [sdb] 20480 512-byte logical blocks: (10.5 MB/10.0 MiB)
[    7.008319] sd 2:0:1:0: Attached scsi generic sg1 type 0
[    7.015973] sd 2:0:0:0: [sda] Incomplete mode parameter data
[    7.023624] sd 2:0:0:0: [sda] Assuming drive cache: write through
[    7.038902] sd 2:0:1:0: [sdb] Write Protect is off
[    7.060169] sd 2:0:1:0: [sdb] Incomplete mode parameter data
[    7.067761] sd 2:0:1:0: [sdb] Assuming drive cache: write through
[    7.081752]  sda: sda1
[    7.086265] e1000 0000:00:08.0 eth1: (PCI:33MHz:32-bit) 08:00:27:95:f2:f6
[    7.095226] e1000 0000:00:08.0 eth1: Intel(R) PRO/1000 Network Connection
[    7.105821] sd 2:0:0:0: [sda] Attached SCSI disk
[    7.116218] sd 2:0:1:0: [sdb] Attached SCSI disk
[    7.125327] e1000 0000:00:08.0 enp0s8: renamed from eth1
[    7.152636] e1000 0000:00:03.0 enp0s3: renamed from eth0
Begin: Loading essential drivers ... [    9.680843] md: linear personality registered for level -1
[    9.697838] md: multipath personality registered for level -4
[    9.714296] md: raid0 personality registered for level 0
[    9.734779] md: raid1 personality registered for level 1
[    9.833826] raid6: sse2x1   gen()  1140 MB/s
[    9.905690] raid6: sse2x1   xor()   602 MB/s
[    9.977802] raid6: sse2x2   gen()  1816 MB/s
[   10.049651] raid6: sse2x2   xor()  1349 MB/s
[   10.121809] raid6: sse2x4   gen()  3471 MB/s
[   10.194075] raid6: sse2x4   xor()  1933 MB/s
[   10.265654] raid6: avx2x1   gen()  2463 MB/s
[   10.337625] raid6: avx2x2   gen()  4916 MB/s
[   10.409832] raid6: avx2x4   gen()  5100 MB/s
[   10.415936] raid6: using algorithm avx2x4 gen() 5100 MB/s
[   10.423327] raid6: using avx2x2 recovery algorithm
[   10.434431] xor: automatically using best checksumming function:
[   10.482069]    avx       :  9203.000 MB/sec
[   10.492427] async_tx: api initialized (async)
[   10.532516] md: raid6 personality registered for level 6
[   10.539938] md: raid5 personality registered for level 5
[   10.547309] md: raid4 personality registered for level 4
[   10.573018] md: raid10 personality registered for level 10
done.
Begin: Running /scripts/init-premount ... done.
Begin: Mounting root file system ... Begin: Running /scripts/local-top ... done.
Begin: Running /scripts/local-premount ... [   10.720055] Btrfs loaded
Scanning for Btrfs filesystems
done.
Warning: fsck not present, so skipping root file system
[   10.814910] EXT4-fs (sda1): mounted filesystem with ordered data mode. Opts: (null)
done.
Begin: Running /scripts/local-bottom ... done.
Begin: Running /scripts/init-bottom ... done.
[   11.103587] systemd[1]: systemd 229 running in system mode. (+PAM +AUDIT +SELINUX +IMA +APPARMOR +SMACK +SYSVINIT +UTMP +LIBCRYPTSETUP +GCRYPT +GNUTLS +ACL +XZ -LZ4 +SECCOMP +BLKID +ELFUTILS +KMOD -IDN)
[   11.129660] systemd[1]: Detected virtualization oracle.
[   11.137506] systemd[1]: Detected architecture x86-64.

Welcome to [1mUbuntu 16.04.5 LTS[0m!

[   11.157378] systemd[1]: Set hostname to <dev>.
[   11.539002] systemd[1]: Reached target User and Group Name Lookups.
[[0;32m  OK  [0m] Reached target User and Group Name Lookups.
[   11.556601] systemd[1]: Started Forward Password Requests to Wall Directory Watch.
[[0;32m  OK  [0m] Started Forward Password Requests to Wall Directory Watch.
[   11.577748] systemd[1]: Listening on udev Control Socket.
[[0;32m  OK  [0m] Listening on udev Control Socket.
[   11.592892] systemd[1]: Listening on LVM2 poll daemon socket.
[[0;32m  OK  [0m] Listening on LVM2 poll daemon socket.
[   11.608856] systemd[1]: Listening on Journal Socket (/dev/log).
[[0;32m  OK  [0m] Listening on Journal Socket (/dev/log).
[   11.628010] systemd[1]: Listening on Journal Audit Socket.
[[0;32m  OK  [0m] Listening on Journal Audit Socket.
[   11.643281] systemd[1]: Started Trigger resolvconf update for networkd DNS.
[[0;32m  OK  [0m] Started Trigger resolvconf update for networkd DNS.
[   11.662293] systemd[1]: Set up automount Arbitrary Executable File Formats File System Automount Point.
[[0;32m  OK  [0m] Set up automount Arbitrary Executab...ats File System Automount Point.
[   11.687265] systemd[1]: Created slice System Slice.
[[0;32m  OK  [0m] Created slice System Slice.
[   11.701127] systemd[1]: Listening on LVM2 metadata daemon socket.
[[0;32m  OK  [0m] Listening on LVM2 metadata daemon socket.
[   11.718092] systemd[1]: Listening on /dev/initctl Compatibility Named Pipe.
[[0;32m  OK  [0m] Listening on /dev/initctl Compatibility Named Pipe.
[   11.738556] systemd[1]: Created slice system-serial\x2dgetty.slice.
[[0;32m  OK  [0m] Created slice system-serial\x2dgetty.slice.
[   11.756974] systemd[1]: Listening on Syslog Socket.
[[0;32m  OK  [0m] Listening on Syslog Socket.
[   11.771630] systemd[1]: Created slice User and Session Slice.
[[0;32m  OK  [0m] Created slice User and Session Slice.
[   11.787453] systemd[1]: Reached target System Time Synchronized.
[[0;32m  OK  [0m] Reached target System Time Synchronized.
[   11.803790] systemd[1]: Reached target Slices.
[[0;32m  OK  [0m] Reached target Slices.
[   11.816490] systemd[1]: Reached target Encrypted Volumes.
[[0;32m  OK  [0m] Reached target Encrypted Volumes.
[   11.831658] systemd[1]: Reached target Swap.
[[0;32m  OK  [0m] Reached target Swap.
[   11.844168] systemd[1]: Listening on Journal Socket.
[[0;32m  OK  [0m] Listening on Journal Socket.
[   11.863347] systemd[1]: Starting Load Kernel Modules...
         Starting Load Kernel Modules...
[   11.906890] systemd[1]: Starting Uncomplicated firewall...
[   11.925247] Loading iSCSI transport class v2.0-870.
         Starting Uncomplicated firewall...
[   11.947888] systemd[1]: Mounting Debug File System...
         Mounting Debug File System...
[   11.982896] systemd[1]: Starting Set console keymap...
         Starting Set console keymap...
[   12.016149] systemd[1]: Mounting POSIX Message Queue File System...
         Mounting POSIX Message Queue File System...
[   12.056826] iscsi: registered transport (tcp)
[   12.065014] systemd[1]: Starting Nameserver information manager...
         Starting Nameserver information manager...[   12.093822] random: nonblocking pool is initialized

[   12.108566] systemd[1]: Mounting Huge Pages File System...
         Mounting Huge Pages File System...
[   12.145359] systemd[1]: Listening on udev Kernel Socket.
[[0;32m  OK  [0m] Listening on udev Kernel Socket.
[   12.183987] systemd[1]: Starting Create list of required static device nodes for the current kernel...
         Starting Create list of required st... nodes for the current kernel...
[   12.236442] systemd[1]: Starting Remount Root and Kernel File Systems...
         Starting Remount Root and Kernel File Systems...
[   12.281214] systemd[1]: Starting Journal Service...
[   12.292398] EXT4-fs (sda1): re-mounted. Opts: (null)
         Starting Journal Service...
[   12.314418] systemd[1]: Listening on Device-mapper event daemon FIFOs.
[[0;32m  OK  [0m] Listening on Device-mapper event daemon FIFOs.
[   12.356953] systemd[1]: Starting Monitoring of LVM2 mirrors, snapshots etc. using dmeventd or progress polling...
         Starting Monitoring of LVM2 mirrors... dmeventd or progress polling...
[   12.427600] systemd[1]: Mounted POSIX Message Queue File System.
[[0;32m  OK  [0m] Mounted POSIX Message Queue File System.
[   12.466433] systemd[1]: Mounted Debug File System.
[   12.474270] iscsi: registered transport (iser)
[[0;32m  OK  [0m] Mounted Debug File System.
[   12.502440] systemd[1]: Mounted Huge Pages File System.
[[0;32m  OK  [0m] Mounted Huge Pages File System.
[   12.531915] systemd[1]: Started Uncomplicated firewall.
[[0;32m  OK  [0m] Started Uncomplicated firewall.
[   12.571285] systemd[1]: Started Load Kernel Modules.
[[0;32m  OK  [0m] Started Load Kernel Modules.
[   12.605162] systemd[1]: Started Create list of required static device nodes for the current kernel.
[[0;32m  OK  [0m] Started Create list of required sta...ce nodes for the current kernel.
[   12.664463] systemd[1]: Started Remount Root and Kernel File Systems.
[[0;32m  OK  [0m] Started Remount Root and Kernel File Systems.
[   12.703741] systemd[1]: Started Nameserver information manager.
[[0;32m  OK  [0m] Started Nameserver information manager.
[   12.759457] systemd[1]: Started Journal Service.
[[0;32m  OK  [0m] Started Journal Service.
[[0;32m  OK  [0m] Started Set console keymap.
[[0;32m  OK  [0m] Started LVM2 metadata daemon.
         Starting udev Coldplug all Devices...
         Starting Load/Save Random Seed...
         Starting Flush Journal to Persistent Storage...
         Starting Create Static Device Nodes in /dev...
         Starting Apply Kernel Variables...
         Mounting FUSE Control File System...
[[0;32m  OK  [0m] Mounted FUSE Control File System.
[[0;32m  OK  [0m] Started Load/Save Random Seed.
[[0;32m  OK  [0m] Started Monitoring of LVM2 mirrors,...ng dmeventd or progress polling.
[[0;32m  OK  [0m] Started Create Static Device Nodes in /dev.
[[0;32m  OK  [0m] Started Apply Kernel Variables.
[[0;32m  OK  [0m] Started udev Coldplug all Devices.
[[0;32m  OK  [0m] Started Flush Journal to Persistent Storage.
         Starting udev Kernel Device Manager...
[[0;32m  OK  [0m] Started udev Kernel Device Manager.
[[0;32m  OK  [0m] Reached target Local File Systems (Pre).
[[0;32m  OK  [0m] Reached target Local File Systems.
         Starting LSB: AppArmor initialization...
         Starting Set console font and keymap...
         Starting Create Volatile Files and Directories...
         Starting Initial cloud-init job (pre-networking)...
         Starting Tell Plymouth To Write Out Runtime Data...
[[0;32m  OK  [0m] Started Dispatch Password Requests to Console Directory Watch.
[[0;32m  OK  [0m] Started Create Volatile Files and Directories.
[[0;32m  OK  [0m] Started Tell Plymouth To Write Out Runtime Data.
         Starting Update UTMP about System Boot/Shutdown...
[[0;32m  OK  [0m] Started Update UTMP about System Boot/Shutdown.
[[0;32m  OK  [0m] Started LSB: AppArmor initialization.
[[0;32m  OK  [0m] Found device /dev/ttyS0.
[[0;32m  OK  [0m] Listening on Load/Save RF Kill Switch Status /dev/rfkill Watch.
[[0;32m  OK  [0m] Found device 82540EM Gigabit Ethern...r (PRO/1000 MT Desktop Adapter).
[[0;32m  OK  [0m] Found device 82540EM Gigabit Ethern...r (PRO/1000 MT Desktop Adapter).
[   18.673619] cloud-init[487]: Cloud-init v. 18.3-9-g2e62cb8a-0ubuntu1~16.04.2 running 'init-local' at Fri, 24 Aug 2018 22:23:38 +0000. Up 17.00 seconds.
[[0;32m  OK  [0m] Started Initial cloud-init job (pre-networking).
[[0;32m  OK  [0m] Started Set console font and keymap.
[[0;32m  OK  [0m] Created slice system-getty.slice.
[[0;32m  OK  [0m] Reached target Network (Pre).
[[0;32m  OK  [0m] Started ifup for enp0s3.
         Starting Raise network interfaces...
[[0;32m  OK  [0m] Started ifup for enp0s8.
[[0;32m  OK  [0m] Started Raise network interfaces.
         Starting Initial cloud-init job (metadata service crawler)...
[[0;32m  OK  [0m] Reached target Network.
[   23.709954] cloud-init[1062]: Cloud-init v. 18.3-9-g2e62cb8a-0ubuntu1~16.04.2 running 'init' at Fri, 24 Aug 2018 22:23:44 +0000. Up 22.52 seconds.
[   23.741903] cloud-init[1062]: ci-info: ++++++++++++++++++++++++++++++++++++++Net device info+++++++++++++++++++++++++++++++++++++++
[   23.776649] cloud-init[1062]: ci-info: +--------+------+-----------------------------+---------------+--------+-------------------+
[   23.805585] cloud-init[1062]: ci-info: | Device |  Up  |           Address           |      Mask     | Scope  |     Hw-Address    |
[   23.837812] cloud-init[1062]: ci-info: +--------+------+-----------------------------+---------------+--------+-------------------+
[   23.869522] cloud-init[1062]: ci-info: | enp0s3 | True |          10.0.2.15          | 255.255.255.0 | global | 02:93:23:4d:82:b3 |
[   23.901523] cloud-init[1062]: ci-info: | enp0s3 | True |  fe80::93:23ff:fe4d:82b3/64 |       .       |  link  | 02:93:23:4d:82:b3 |
[   23.935950] cloud-init[1062]: ci-info: | enp0s8 | True |        192.168.33.10        | 255.255.255.0 | global | 08:00:27:95:f2:f6 |
[   23.965550] cloud-init[1062]: ci-info: | enp0s8 | True | fe80::a00:27ff:fe95:f2f6/64 |       .       |  link  | 08:00:27:95:f2:f6 |[[0;32m  OK  [0m
[   23.985435] cloud-init] Started Initial cloud-init job (metadata service crawler).[1062]: ci-info: |   lo   | True |          127.0.0.1          |   255.0.0.0   |  host  |         .         |
[   23.997678] cloud-init[1062]: ci-info: |   lo   | True |           ::1/128           |       .       |  host  |         .         |
[   23.998080] cloud-init[1062]: ci-info: +--------+------+-----------------------------+---------------+--------+-------------------+
[   23.998429] cloud-init[1062]: ci-info: ++++++++++++++++++++++++++++Route IPv4 info++++++++++++++++++++++++++++
[   23.998779] cloud-init[1062]: ci-info: +-------+--------------+----------+---------------+-----------+-------+

[[0;32m  OK  [0m] Reached target Cloud-config availability.
[[0;32m  OK  [0m] Reached target Network is Online.
         Starting iSCSI initiator daemon (iscsid)...
[[0;32m  OK  [0m] Reached target System Initialization.
         Starting Socket activation for snappy daemon.
[[0;32m  OK  [0m] Listening on UUID daemon activation socket.[   24.116412] 
         Starting LXD - unix socket.cloud-init[1062]: ci-info: | Route | Destination  | Gateway  |    Genmask    | Interface | Flags |
[[0;32m  OK  [0m] Started Daily apt download activities.
[[0;32m  OK  [0m] Started Daily apt upgrade and clean activities.
[   24.179534] cloud-init[1062]: ci-info: +-------+--------------+----------+---------------+-----------+-------+
[[0;32m  OK  [0m] Listening on D-Bus System Message Bus Socket.
[   24.203732] 
cloud-init[[0;32m  OK  [0m[1062]: ci-info: |   0   |   0.0.0.0    | 10.0.2.2 |    0.0.0.0    |   enp0s3  |   UG  |] Started Clean PHP session files every 30 mins.
[[0;32m  OK  [0m
[   24.229528] cloud-init[1062]: ci-info: |   1   |   10.0.2.0   | 0.0.0.0  | 255.255.255.0 |   enp0s3  |   U   |
[   24.231525] cloud-init[1062]: ci-info: |   2   | 192.168.33.0 | 0.0.0.0  | 255.255.255.0 |   enp0s8  |   U   |
[   24.231724] cloud-init[1062]: ci-info: +-------+--------------+----------+---------------+-----------+-------+
[   24.231913] cloud-init[1062]: ci-info: +++++++++++++++++++Route IPv6 info+++++++++++++++++++
] Listening on ACPID Listen Socket.
[[0;32m  OK  [0m] Started Daily Cleanup of Temporary Directories.
[[0;32m  OK  [0m] Reached target Timers.
[[0;32m  OK  [0m[   24.292069] cloud-init[1062]: ci-info: +-------+-------------+---------+-----------+-------+] Started ACPI Events Check.
[[0;32m  OK  [0m] Reached target Paths.

[   24.318057] [[0;32m  OK  [0m] cloud-init[1062]: Listening on Socket activation for snappy daemon.
ci-info: | Route | Destination | Gateway | Interface | Flags |
[[0;32m  OK  [0m[   24.341823] ] Listening on LXD - unix socket.
cloud-init[1062]: ci-info: +-------+-------------+---------+-----------+-------+
[[0;32m  OK  [0m[   24.384459] cloud-init[1062]: ] Started iSCSI initiator daemon (iscsid).ci-info: |   0   |  fe80::/64  |    ::   |   enp0s3  |   U   |

[   24.407500] cloud-init[1062]: ci-info: |   1   |  fe80::/64  |    ::   |   enp0s8  |   U   |
[   24.433575] cloud-init[1062]: ci-info: |   6   |   ff00::/8  |    ::   |   enp0s3  |   U   |
[   24.457398] cloud-init         Starting Login to default iSCSI targets...[1062]: ci-info: |   7   |   ff00::/8  |    ::   |   enp0s8  |   U   |
[[0;32m  OK  [0m] Reached target Sockets.
[[0;32m  OK  [0m
[   24.491220] cloud-init[1062]: ci-info: +-------+-------------+---------+-----------+-------+] Reached target Basic System.
[[0;32m  OK  [0m] Started Unattended Upgrades Shutdown.

         Starting System Logging Service...
[[0;32m  OK  [0m] Started Regular background program processing daemon.
         Starting Login Service...
[[0;32m  OK  [0m] Started ACPI event daemon.
         Starting LSB: MD monitoring daemon...
         Starting /etc/rc.local Compatibility...
[[0;32m  OK  [0m] Started FUSE filesystem for LXC.
         Starting MySQL Community Server...
         Starting Clean php session files...
         Starting OpenBSD Secure Shell server...
[[0;32m  OK  [0m] Started Deferred execution scheduler.
         Starting LXD - container startup/shutdown...
[[0;32m  OK  [0m] Started D-Bus System Message Bus.
         Starting Accounts Service...
         Starting Snappy daemon...
         Starting Virtualbox guest utils...
         Starting LSB: Record successful boot for GRUB...
[[0;32m  OK  [0m] Started System Logging Service.
[[0;32m  OK  [0m] Started OpenBSD Secure Shell server.
[[0;32m  OK  [0m] Started /etc/rc.local Compatibility.
[[0;32m  OK  [0m] Started LXD - container startup/shutdown.
[[0;32m  OK  [0m] Started Login to default iSCSI targets.
[[0;32m  OK  [0m] Started LSB: MD monitoring daemon.
[[0;32m  OK  [0m] Started Login Service.
         Starting Authenticate and Authorize Users to Run Privileged Tasks...
[[0;32m  OK  [0m] Reached target Remote File Systems (Pre).
[[0;32m  OK  [0m] Reached target Remote File Systems.
         Starting Permit User Sessions...
         Starting LSB: Apache2 web server...
         Starting LSB: automatic crash report generation...
         Starting LSB: daemon to balance interrupts for SMP systems...
         Starting LSB: Set the CPU Frequency Scaling governor to "ondemand"...
[[0;32m  OK  [0m] Started LSB: Record successful boot for GRUB.
[[0;32m  OK  [0m] Started Permit User Sessions.
[[0;32m  OK  [0m] Started Authenticate and Authorize Users to Run Privileged Tasks.
[[0;32m  OK  [0m] Started Accounts Service.
         Starting Terminate Plymouth Boot Screen...
         Starting Hold until boot process finishes up...
[[0;32m  OK  [0m] Started Terminate Plymouth Boot Screen.
[[0;32m  OK  [0m] Started Hold until boot process finishes up.
[[0;32m  OK  [0m] Started LSB: Set the CPU Frequency Scaling governor to "ondemand".
[[0;32m  OK  [0m] Started Getty on tty1.
         Starting Set console scheme...
[[0;32m  OK  [0m] Started Serial Getty on ttyS0.
[[0;32m  OK  [0m] Reached target Login Prompts.
[[0;32m  OK  [0m] Started Set console scheme.
[[0;32m  OK  [0m] Started LSB: daemon to balance interrupts for SMP systems.
[[0;32m  OK  [0m] Started LSB: automatic crash report generation.
[[0;32m  OK  [0m] Started Virtualbox guest utils.
[[0;32m  OK  [0m] Started Snappy daemon.
         Starting Wait until snapd is fully seeded...
[[0;32m  OK  [0m] Started Wait until snapd is fully seeded.
         Starting Apply the settings specified in cloud-config...
[[0;32m  OK  [0m] Created slice User Slice of vagrant.
         Starting User Manager for UID 1000...
[[0;32m  OK  [0m] Started Session 1 of user vagrant.
[[0;32m  OK  [0m] Started User Manager for UID 1000.
[[0;32m  OK  [0m] Started Clean php session files.
[[0;32m  OK  [0m] Started LSB: Apache2 web server.

Ubuntu 16.04.5 LTS dev ttyS0

dev login: [   34.475644] cloud-init[1387]: Cloud-init v. 18.3-9-g2e62cb8a-0ubuntu1~16.04.2 running 'modules:config' at Fri, 24 Aug 2018 22:23:54 +0000. Up 33.23 seconds.
[   37.936676] cloud-init[1593]: Cloud-init v. 18.3-9-g2e62cb8a-0ubuntu1~16.04.2 running 'modules:final' at Fri, 24 Aug 2018 22:23:58 +0000. Up 36.82 seconds.
[   37.958560] cloud-init[1593]: Cloud-init v. 18.3-9-g2e62cb8a-0ubuntu1~16.04.2 finished at Fri, 24 Aug 2018 22:23:59 +0000. Datasource DataSourceNoCloud [seed=/dev/sdb][dsmode=net].  Up 37.89 seconds
